[35m[1mConsolidate compiler generated dependencies of target buff_detector_node[0m
[35m[1mConsolidate compiler generated dependencies of target buff_detector[0m
[ 33%] Built target buff_detector_node
[ 50%] [32mBuilding CXX object CMakeFiles/buff_detector.dir/src/detector.cpp.o[0m
[01m[K/home/hdm/ttttt/tracker_plus/src/rm_buff/buff_detector/src/detector.cpp:[m[K In member function â€˜[01m[Kstd::vector<rm_buff::Blade> rm_buff::Detector::Detect(cv::Mat&)[m[Kâ€™:
[01m[K/home/hdm/ttttt/tracker_plus/src/rm_buff/buff_detector/src/detector.cpp:94:22:[m[K [01;31m[Kerror: [m[Kexpected â€˜[01m[K;[m[Kâ€™ before â€˜[01m[Kfor[m[Kâ€™
   94 |   debug_img = src_img
      |                      [01;31m[K^[m[K
      |                      [32m[K;[m[K
   95 | 
   96 |   [32m[Kfor[m[K (size_t i = 0; i < blade_array_.size(); i++) {
      |   [32m[K~~~[m[K                 
[01m[K/home/hdm/ttttt/tracker_plus/src/rm_buff/buff_detector/src/detector.cpp:96:22:[m[K [01;31m[Kerror: [m[Kâ€˜[01m[Ki[m[Kâ€™ was not declared in this scope
   96 |   for (size_t i = 0; [01;31m[Ki[m[K < blade_array_.size(); i++) {
      |                      [01;31m[K^[m[K
gmake[2]: *** [CMakeFiles/buff_detector.dir/build.make:76ï¼šCMakeFiles/buff_detector.dir/src/detector.cpp.o] é”™è¯¯ 1
gmake[1]: *** [CMakeFiles/Makefile2:139ï¼šCMakeFiles/buff_detector.dir/all] é”™è¯¯ 2
gmake: *** [Makefile:146ï¼šall] é”™è¯¯ 2
